mode: set
wallet/repository/user_repository.go:21.92,27.2 1 1
wallet/repository/user_repository.go:29.61,30.35 1 1
wallet/repository/user_repository.go:34.2,39.36 2 1
wallet/repository/user_repository.go:30.35,32.3 1 1
wallet/repository/user_repository.go:42.59,44.27 2 1
wallet/repository/user_repository.go:47.2,47.14 1 1
wallet/repository/user_repository.go:44.27,46.3 1 1
wallet/repository/user_repository.go:50.73,51.35 1 1
wallet/repository/user_repository.go:54.2,54.47 1 1
wallet/repository/user_repository.go:51.35,53.3 1 1
wallet/repository/user_repository.go:57.106,59.35 2 1
wallet/repository/user_repository.go:65.2,67.41 2 1
wallet/repository/user_repository.go:75.2,75.53 1 1
wallet/repository/user_repository.go:59.35,61.3 1 1
wallet/repository/user_repository.go:61.8,63.3 1 1
wallet/repository/user_repository.go:67.41,69.3 1 1
wallet/repository/user_repository.go:69.8,74.3 1 1
wallet/service/user_service.go:19.73,21.2 1 1
wallet/service/user_service.go:23.58,25.2 1 1
wallet/service/user_service.go:27.56,29.2 1 1
wallet/service/user_service.go:31.70,33.2 1 1
wallet/service/user_service.go:35.103,37.2 1 1
wallet/handler/user_handler.go:23.64,25.2 1 1
wallet/handler/user_handler.go:27.73,30.24 2 1
wallet/handler/user_handler.go:37.2,37.32 1 1
wallet/handler/user_handler.go:42.2,46.26 4 1
wallet/handler/user_handler.go:30.24,35.3 4 1
wallet/handler/user_handler.go:37.32,40.3 2 1
wallet/handler/user_handler.go:49.74,50.32 1 1
wallet/handler/user_handler.go:55.2,58.16 3 1
wallet/handler/user_handler.go:64.2,65.15 2 1
wallet/handler/user_handler.go:50.32,53.3 2 1
wallet/handler/user_handler.go:58.16,62.3 3 0
wallet/handler/user_handler.go:68.71,71.24 2 1
wallet/handler/user_handler.go:78.2,78.32 1 1
wallet/handler/user_handler.go:83.2,84.16 2 1
wallet/handler/user_handler.go:90.2,91.16 2 1
wallet/handler/user_handler.go:97.2,98.15 2 1
wallet/handler/user_handler.go:71.24,76.3 4 1
wallet/handler/user_handler.go:78.32,81.3 2 1
wallet/handler/user_handler.go:84.16,88.3 3 1
wallet/handler/user_handler.go:91.16,95.3 3 0
wallet/handler/user_handler.go:102.76,103.33 1 1
wallet/handler/user_handler.go:108.2,110.24 2 1
wallet/handler/user_handler.go:117.2,120.16 4 1
wallet/handler/user_handler.go:126.2,127.16 2 1
wallet/handler/user_handler.go:133.2,135.20 3 1
wallet/handler/user_handler.go:103.33,106.3 2 1
wallet/handler/user_handler.go:110.24,115.3 4 1
wallet/handler/user_handler.go:120.16,124.3 3 1
wallet/handler/user_handler.go:127.16,131.3 3 0
